[2024-06-12 13:10:09] local.ERROR: SQLSTATE[42S02]: Base table or view not found: 1146 Table 'Gestion_candidature.sessions' doesn't exist (Connection: mysql, SQL: select * from `sessions` where `id` = 77EO1nReOqEjFWd9aEh7jtd8TVhR7kOpQUoOlnhg limit 1) {"exception":"[object] (Illuminate\\Database\\QueryException(code: 42S02): SQLSTATE[42S02]: Base table or view not found: 1146 Table 'Gestion_candidature.sessions' doesn't exist (Connection: mysql, SQL: select * from `sessions` where `id` = 77EO1nReOqEjFWd9aEh7jtd8TVhR7kOpQUoOlnhg limit 1) at /opt/lampp/htdocs/Projet-Laravel/Gestion_candidature/vendor/laravel/framework/src/Illuminate/Database/Connection.php:813)
[stacktrace]
#0 /opt/lampp/htdocs/Projet-Laravel/Gestion_candidature/vendor/laravel/framework/src/Illuminate/Database/Connection.php(767): Illuminate\\Database\\Connection->runQueryCallback()
#1 /opt/lampp/htdocs/Projet-Laravel/Gestion_candidature/vendor/laravel/framework/src/Illuminate/Database/Connection.php(398): Illuminate\\Database\\Connection->run()
#2 /opt/lampp/htdocs/Projet-Laravel/Gestion_candidature/vendor/laravel/framework/src/Illuminate/Database/Query/Builder.php(2993): Illuminate\\Database\\Connection->select()
#3 /opt/lampp/htdocs/Projet-Laravel/Gestion_candidature/vendor/laravel/framework/src/Illuminate/Database/Query/Builder.php(2978): Illuminate\\Database\\Query\\Builder->runSelect()
#4 /opt/lampp/htdocs/Projet-Laravel/Gestion_candidature/vendor/laravel/framework/src/Illuminate/Database/Query/Builder.php(3566): Illuminate\\Database\\Query\\Builder->Illuminate\\Database\\Query\\{closure}()
#5 /opt/lampp/htdocs/Projet-Laravel/Gestion_candidature/vendor/laravel/framework/src/Illuminate/Database/Query/Builder.php(2977): Illuminate\\Database\\Query\\Builder->onceWithColumns()
#6 /opt/lampp/htdocs/Projet-Laravel/Gestion_candidature/vendor/laravel/framework/src/Illuminate/Database/Concerns/BuildsQueries.php(335): Illuminate\\Database\\Query\\Builder->get()
#7 /opt/lampp/htdocs/Projet-Laravel/Gestion_candidature/vendor/laravel/framework/src/Illuminate/Database/Query/Builder.php(2900): Illuminate\\Database\\Query\\Builder->first()
#8 /opt/lampp/htdocs/Projet-Laravel/Gestion_candidature/vendor/laravel/framework/src/Illuminate/Session/DatabaseSessionHandler.php(97): Illuminate\\Database\\Query\\Builder->find()
#9 /opt/lampp/htdocs/Projet-Laravel/Gestion_candidature/vendor/laravel/framework/src/Illuminate/Session/Store.php(113): Illuminate\\Session\\DatabaseSessionHandler->read()
#10 /opt/lampp/htdocs/Projet-Laravel/Gestion_candidature/vendor/laravel/framework/src/Illuminate/Session/Store.php(101): Illuminate\\Session\\Store->readFromHandler()
#11 /opt/lampp/htdocs/Projet-Laravel/Gestion_candidature/vendor/laravel/framework/src/Illuminate/Session/Store.php(85): Illuminate\\Session\\Store->loadSession()
#12 /opt/lampp/htdocs/Projet-Laravel/Gestion_candidature/vendor/laravel/framework/src/Illuminate/Session/Middleware/StartSession.php(147): Illuminate\\Session\\Store->start()
#13 /opt/lampp/htdocs/Projet-Laravel/Gestion_candidature/vendor/laravel/framework/src/Illuminate/Support/helpers.php(363): Illuminate\\Session\\Middleware\\StartSession->Illuminate\\Session\\Middleware\\{closure}()
#14 /opt/lampp/htdocs/Projet-Laravel/Gestion_candidature/vendor/laravel/framework/src/Illuminate/Session/Middleware/StartSession.php(144): tap()
#15 /opt/lampp/htdocs/Projet-Laravel/Gestion_candidature/vendor/laravel/framework/src/Illuminate/Session/Middleware/StartSession.php(116): Illuminate\\Session\\Middleware\\StartSession->startSession()
#16 /opt/lampp/htdocs/Projet-Laravel/Gestion_candidature/vendor/laravel/framework/src/Illuminate/Session/Middleware/StartSession.php(64): Illuminate\\Session\\Middleware\\StartSession->handleStatefulRequest()
#17 /opt/lampp/htdocs/Projet-Laravel/Gestion_candidature/vendor/laravel/framework/src/Illuminate/Pipeline/Pipeline.php(183): Illuminate\\Session\\Middleware\\StartSession->handle()
#18 /opt/lampp/htdocs/Projet-Laravel/Gestion_candidature/vendor/laravel/framework/src/Illuminate/Cookie/Middleware/AddQueuedCookiesToResponse.php(37): Illuminate\\Pipeline\\Pipeline->Illuminate\\Pipeline\\{closure}()
#19 /opt/lampp/htdocs/Projet-Laravel/Gestion_candidature/vendor/laravel/framework/src/Illuminate/Pipeline/Pipeline.php(183): Illuminate\\Cookie\\Middleware\\AddQueuedCookiesToResponse->handle()
#20 /opt/lampp/htdocs/Projet-Laravel/Gestion_candidature/vendor/laravel/framework/src/Illuminate/Cookie/Middleware/EncryptCookies.php(75): Illuminate\\Pipeline\\Pipeline->Illuminate\\Pipeline\\{closure}()
#21 /opt/lampp/htdocs/Projet-Laravel/Gestion_candidature/vendor/laravel/framework/src/Illuminate/Pipeline/Pipeline.php(183): Illuminate\\Cookie\\Middleware\\EncryptCookies->handle()
#22 /opt/lampp/htdocs/Projet-Laravel/Gestion_candidature/vendor/laravel/framework/src/Illuminate/Pipeline/Pipeline.php(119): Illuminate\\Pipeline\\Pipeline->Illuminate\\Pipeline\\{closure}()
#23 /opt/lampp/htdocs/Projet-Laravel/Gestion_candidature/vendor/laravel/framework/src/Illuminate/Routing/Router.php(805): Illuminate\\Pipeline\\Pipeline->then()
#24 /opt/lampp/htdocs/Projet-Laravel/Gestion_candidature/vendor/laravel/framework/src/Illuminate/Routing/Router.php(784): Illuminate\\Routing\\Router->runRouteWithinStack()
#25 /opt/lampp/htdocs/Projet-Laravel/Gestion_candidature/vendor/laravel/framework/src/Illuminate/Routing/Router.php(748): Illuminate\\Routing\\Router->runRoute()
#26 /opt/lampp/htdocs/Projet-Laravel/Gestion_candidature/vendor/laravel/framework/src/Illuminate/Routing/Router.php(737): Illuminate\\Routing\\Router->dispatchToRoute()
#27 /opt/lampp/htdocs/Projet-Laravel/Gestion_candidature/vendor/laravel/framework/src/Illuminate/Foundation/Http/Kernel.php(200): Illuminate\\Routing\\Router->dispatch()
#28 /opt/lampp/htdocs/Projet-Laravel/Gestion_candidature/vendor/laravel/framework/src/Illuminate/Pipeline/Pipeline.php(144): Illuminate\\Foundation\\Http\\Kernel->Illuminate\\Foundation\\Http\\{closure}()
#29 /opt/lampp/htdocs/Projet-Laravel/Gestion_candidature/vendor/laravel/framework/src/Illuminate/Foundation/Http/Middleware/TransformsRequest.php(21): Illuminate\\Pipeline\\Pipeline->Illuminate\\Pipeline\\{closure}()
#30 /opt/lampp/htdocs/Projet-Laravel/Gestion_candidature/vendor/laravel/framework/src/Illuminate/Foundation/Http/Middleware/ConvertEmptyStringsToNull.php(31): Illuminate\\Foundation\\Http\\Middleware\\TransformsRequest->handle()
#31 /opt/lampp/htdocs/Projet-Laravel/Gestion_candidature/vendor/laravel/framework/src/Illuminate/Pipeline/Pipeline.php(183): Illuminate\\Foundation\\Http\\Middleware\\ConvertEmptyStringsToNull->handle()
#32 /opt/lampp/htdocs/Projet-Laravel/Gestion_candidature/vendor/laravel/framework/src/Illuminate/Foundation/Http/Middleware/TransformsRequest.php(21): Illuminate\\Pipeline\\Pipeline->Illuminate\\Pipeline\\{closure}()
#33 /opt/lampp/htdocs/Projet-Laravel/Gestion_candidature/vendor/laravel/framework/src/Illuminate/Foundation/Http/Middleware/TrimStrings.php(51): Illuminate\\Foundation\\Http\\Middleware\\TransformsRequest->handle()
#34 /opt/lampp/htdocs/Projet-Laravel/Gestion_candidature/vendor/laravel/framework/src/Illuminate/Pipeline/Pipeline.php(183): Illuminate\\Foundation\\Http\\Middleware\\TrimStrings->handle()
#35 /opt/lampp/htdocs/Projet-Laravel/Gestion_candidature/vendor/laravel/framework/src/Illuminate/Http/Middleware/ValidatePostSize.php(27): Illuminate\\Pipeline\\Pipeline->Illuminate\\Pipeline\\{closure}()
#36 /opt/lampp/htdocs/Projet-Laravel/Gestion_candidature/vendor/laravel/framework/src/Illuminate/Pipeline/Pipeline.php(183): Illuminate\\Http\\Middleware\\ValidatePostSize->handle()
#37 /opt/lampp/htdocs/Projet-Laravel/Gestion_candidature/vendor/laravel/framework/src/Illuminate/Foundation/Http/Middleware/PreventRequestsDuringMaintenance.php(110): Illuminate\\Pipeline\\Pipeline->Illuminate\\Pipeline\\{closure}()
#38 /opt/lampp/htdocs/Projet-Laravel/Gestion_candidature/vendor/laravel/framework/src/Illuminate/Pipeline/Pipeline.php(183): Illuminate\\Foundation\\Http\\Middleware\\PreventRequestsDuringMaintenance->handle()
#39 /opt/lampp/htdocs/Projet-Laravel/Gestion_candidature/vendor/laravel/framework/src/Illuminate/Http/Middleware/HandleCors.php(49): Illuminate\\Pipeline\\Pipeline->Illuminate\\Pipeline\\{closure}()
#40 /opt/lampp/htdocs/Projet-Laravel/Gestion_candidature/vendor/laravel/framework/src/Illuminate/Pipeline/Pipeline.php(183): Illuminate\\Http\\Middleware\\HandleCors->handle()
#41 /opt/lampp/htdocs/Projet-Laravel/Gestion_candidature/vendor/laravel/framework/src/Illuminate/Http/Middleware/TrustProxies.php(57): Illuminate\\Pipeline\\Pipeline->Illuminate\\Pipeline\\{closure}()
#42 /opt/lampp/htdocs/Projet-Laravel/Gestion_candidature/vendor/laravel/framework/src/Illuminate/Pipeline/Pipeline.php(183): Illuminate\\Http\\Middleware\\TrustProxies->handle()
#43 /opt/lampp/htdocs/Projet-Laravel/Gestion_candidature/vendor/laravel/framework/src/Illuminate/Pipeline/Pipeline.php(119): Illuminate\\Pipeline\\Pipeline->Illuminate\\Pipeline\\{closure}()
#44 /opt/lampp/htdocs/Projet-Laravel/Gestion_candidature/vendor/laravel/framework/src/Illuminate/Foundation/Http/Kernel.php(175): Illuminate\\Pipeline\\Pipeline->then()
#45 /opt/lampp/htdocs/Projet-Laravel/Gestion_candidature/vendor/laravel/framework/src/Illuminate/Foundation/Http/Kernel.php(144): Illuminate\\Foundation\\Http\\Kernel->sendRequestThroughRouter()
#46 /opt/lampp/htdocs/Projet-Laravel/Gestion_candidature/vendor/laravel/framework/src/Illuminate/Foundation/Application.php(1183): Illuminate\\Foundation\\Http\\Kernel->handle()
#47 /opt/lampp/htdocs/Projet-Laravel/Gestion_candidature/public/index.php(17): Illuminate\\Foundation\\Application->handleRequest()
#48 /opt/lampp/htdocs/Projet-Laravel/Gestion_candidature/vendor/laravel/framework/src/Illuminate/Foundation/resources/server.php(16): require_once('...')
#49 {main}

[previous exception] [object] (PDOException(code: 42S02): SQLSTATE[42S02]: Base table or view not found: 1146 Table 'Gestion_candidature.sessions' doesn't exist at /opt/lampp/htdocs/Projet-Laravel/Gestion_candidature/vendor/laravel/framework/src/Illuminate/Database/Connection.php:407)
[stacktrace]
#0 /opt/lampp/htdocs/Projet-Laravel/Gestion_candidature/vendor/laravel/framework/src/Illuminate/Database/Connection.php(407): PDO->prepare()
#1 /opt/lampp/htdocs/Projet-Laravel/Gestion_candidature/vendor/laravel/framework/src/Illuminate/Database/Connection.php(800): Illuminate\\Database\\Connection->Illuminate\\Database\\{closure}()
#2 /opt/lampp/htdocs/Projet-Laravel/Gestion_candidature/vendor/laravel/framework/src/Illuminate/Database/Connection.php(767): Illuminate\\Database\\Connection->runQueryCallback()
#3 /opt/lampp/htdocs/Projet-Laravel/Gestion_candidature/vendor/laravel/framework/src/Illuminate/Database/Connection.php(398): Illuminate\\Database\\Connection->run()
#4 /opt/lampp/htdocs/Projet-Laravel/Gestion_candidature/vendor/laravel/framework/src/Illuminate/Database/Query/Builder.php(2993): Illuminate\\Database\\Connection->select()
#5 /opt/lampp/htdocs/Projet-Laravel/Gestion_candidature/vendor/laravel/framework/src/Illuminate/Database/Query/Builder.php(2978): Illuminate\\Database\\Query\\Builder->runSelect()
#6 /opt/lampp/htdocs/Projet-Laravel/Gestion_candidature/vendor/laravel/framework/src/Illuminate/Database/Query/Builder.php(3566): Illuminate\\Database\\Query\\Builder->Illuminate\\Database\\Query\\{closure}()
#7 /opt/lampp/htdocs/Projet-Laravel/Gestion_candidature/vendor/laravel/framework/src/Illuminate/Database/Query/Builder.php(2977): Illuminate\\Database\\Query\\Builder->onceWithColumns()
#8 /opt/lampp/htdocs/Projet-Laravel/Gestion_candidature/vendor/laravel/framework/src/Illuminate/Database/Concerns/BuildsQueries.php(335): Illuminate\\Database\\Query\\Builder->get()
#9 /opt/lampp/htdocs/Projet-Laravel/Gestion_candidature/vendor/laravel/framework/src/Illuminate/Database/Query/Builder.php(2900): Illuminate\\Database\\Query\\Builder->first()
#10 /opt/lampp/htdocs/Projet-Laravel/Gestion_candidature/vendor/laravel/framework/src/Illuminate/Session/DatabaseSessionHandler.php(97): Illuminate\\Database\\Query\\Builder->find()
#11 /opt/lampp/htdocs/Projet-Laravel/Gestion_candidature/vendor/laravel/framework/src/Illuminate/Session/Store.php(113): Illuminate\\Session\\DatabaseSessionHandler->read()
#12 /opt/lampp/htdocs/Projet-Laravel/Gestion_candidature/vendor/laravel/framework/src/Illuminate/Session/Store.php(101): Illuminate\\Session\\Store->readFromHandler()
#13 /opt/lampp/htdocs/Projet-Laravel/Gestion_candidature/vendor/laravel/framework/src/Illuminate/Session/Store.php(85): Illuminate\\Session\\Store->loadSession()
#14 /opt/lampp/htdocs/Projet-Laravel/Gestion_candidature/vendor/laravel/framework/src/Illuminate/Session/Middleware/StartSession.php(147): Illuminate\\Session\\Store->start()
#15 /opt/lampp/htdocs/Projet-Laravel/Gestion_candidature/vendor/laravel/framework/src/Illuminate/Support/helpers.php(363): Illuminate\\Session\\Middleware\\StartSession->Illuminate\\Session\\Middleware\\{closure}()
#16 /opt/lampp/htdocs/Projet-Laravel/Gestion_candidature/vendor/laravel/framework/src/Illuminate/Session/Middleware/StartSession.php(144): tap()
#17 /opt/lampp/htdocs/Projet-Laravel/Gestion_candidature/vendor/laravel/framework/src/Illuminate/Session/Middleware/StartSession.php(116): Illuminate\\Session\\Middleware\\StartSession->startSession()
#18 /opt/lampp/htdocs/Projet-Laravel/Gestion_candidature/vendor/laravel/framework/src/Illuminate/Session/Middleware/StartSession.php(64): Illuminate\\Session\\Middleware\\StartSession->handleStatefulRequest()
#19 /opt/lampp/htdocs/Projet-Laravel/Gestion_candidature/vendor/laravel/framework/src/Illuminate/Pipeline/Pipeline.php(183): Illuminate\\Session\\Middleware\\StartSession->handle()
#20 /opt/lampp/htdocs/Projet-Laravel/Gestion_candidature/vendor/laravel/framework/src/Illuminate/Cookie/Middleware/AddQueuedCookiesToResponse.php(37): Illuminate\\Pipeline\\Pipeline->Illuminate\\Pipeline\\{closure}()
#21 /opt/lampp/htdocs/Projet-Laravel/Gestion_candidature/vendor/laravel/framework/src/Illuminate/Pipeline/Pipeline.php(183): Illuminate\\Cookie\\Middleware\\AddQueuedCookiesToResponse->handle()
#22 /opt/lampp/htdocs/Projet-Laravel/Gestion_candidature/vendor/laravel/framework/src/Illuminate/Cookie/Middleware/EncryptCookies.php(75): Illuminate\\Pipeline\\Pipeline->Illuminate\\Pipeline\\{closure}()
#23 /opt/lampp/htdocs/Projet-Laravel/Gestion_candidature/vendor/laravel/framework/src/Illuminate/Pipeline/Pipeline.php(183): Illuminate\\Cookie\\Middleware\\EncryptCookies->handle()
#24 /opt/lampp/htdocs/Projet-Laravel/Gestion_candidature/vendor/laravel/framework/src/Illuminate/Pipeline/Pipeline.php(119): Illuminate\\Pipeline\\Pipeline->Illuminate\\Pipeline\\{closure}()
#25 /opt/lampp/htdocs/Projet-Laravel/Gestion_candidature/vendor/laravel/framework/src/Illuminate/Routing/Router.php(805): Illuminate\\Pipeline\\Pipeline->then()
#26 /opt/lampp/htdocs/Projet-Laravel/Gestion_candidature/vendor/laravel/framework/src/Illuminate/Routing/Router.php(784): Illuminate\\Routing\\Router->runRouteWithinStack()
#27 /opt/lampp/htdocs/Projet-Laravel/Gestion_candidature/vendor/laravel/framework/src/Illuminate/Routing/Router.php(748): Illuminate\\Routing\\Router->runRoute()
#28 /opt/lampp/htdocs/Projet-Laravel/Gestion_candidature/vendor/laravel/framework/src/Illuminate/Routing/Router.php(737): Illuminate\\Routing\\Router->dispatchToRoute()
#29 /opt/lampp/htdocs/Projet-Laravel/Gestion_candidature/vendor/laravel/framework/src/Illuminate/Foundation/Http/Kernel.php(200): Illuminate\\Routing\\Router->dispatch()
#30 /opt/lampp/htdocs/Projet-Laravel/Gestion_candidature/vendor/laravel/framework/src/Illuminate/Pipeline/Pipeline.php(144): Illuminate\\Foundation\\Http\\Kernel->Illuminate\\Foundation\\Http\\{closure}()
#31 /opt/lampp/htdocs/Projet-Laravel/Gestion_candidature/vendor/laravel/framework/src/Illuminate/Foundation/Http/Middleware/TransformsRequest.php(21): Illuminate\\Pipeline\\Pipeline->Illuminate\\Pipeline\\{closure}()
#32 /opt/lampp/htdocs/Projet-Laravel/Gestion_candidature/vendor/laravel/framework/src/Illuminate/Foundation/Http/Middleware/ConvertEmptyStringsToNull.php(31): Illuminate\\Foundation\\Http\\Middleware\\TransformsRequest->handle()
#33 /opt/lampp/htdocs/Projet-Laravel/Gestion_candidature/vendor/laravel/framework/src/Illuminate/Pipeline/Pipeline.php(183): Illuminate\\Foundation\\Http\\Middleware\\ConvertEmptyStringsToNull->handle()
#34 /opt/lampp/htdocs/Projet-Laravel/Gestion_candidature/vendor/laravel/framework/src/Illuminate/Foundation/Http/Middleware/TransformsRequest.php(21): Illuminate\\Pipeline\\Pipeline->Illuminate\\Pipeline\\{closure}()
#35 /opt/lampp/htdocs/Projet-Laravel/Gestion_candidature/vendor/laravel/framework/src/Illuminate/Foundation/Http/Middleware/TrimStrings.php(51): Illuminate\\Foundation\\Http\\Middleware\\TransformsRequest->handle()
#36 /opt/lampp/htdocs/Projet-Laravel/Gestion_candidature/vendor/laravel/framework/src/Illuminate/Pipeline/Pipeline.php(183): Illuminate\\Foundation\\Http\\Middleware\\TrimStrings->handle()
#37 /opt/lampp/htdocs/Projet-Laravel/Gestion_candidature/vendor/laravel/framework/src/Illuminate/Http/Middleware/ValidatePostSize.php(27): Illuminate\\Pipeline\\Pipeline->Illuminate\\Pipeline\\{closure}()
#38 /opt/lampp/htdocs/Projet-Laravel/Gestion_candidature/vendor/laravel/framework/src/Illuminate/Pipeline/Pipeline.php(183): Illuminate\\Http\\Middleware\\ValidatePostSize->handle()
#39 /opt/lampp/htdocs/Projet-Laravel/Gestion_candidature/vendor/laravel/framework/src/Illuminate/Foundation/Http/Middleware/PreventRequestsDuringMaintenance.php(110): Illuminate\\Pipeline\\Pipeline->Illuminate\\Pipeline\\{closure}()
#40 /opt/lampp/htdocs/Projet-Laravel/Gestion_candidature/vendor/laravel/framework/src/Illuminate/Pipeline/Pipeline.php(183): Illuminate\\Foundation\\Http\\Middleware\\PreventRequestsDuringMaintenance->handle()
#41 /opt/lampp/htdocs/Projet-Laravel/Gestion_candidature/vendor/laravel/framework/src/Illuminate/Http/Middleware/HandleCors.php(49): Illuminate\\Pipeline\\Pipeline->Illuminate\\Pipeline\\{closure}()
#42 /opt/lampp/htdocs/Projet-Laravel/Gestion_candidature/vendor/laravel/framework/src/Illuminate/Pipeline/Pipeline.php(183): Illuminate\\Http\\Middleware\\HandleCors->handle()
#43 /opt/lampp/htdocs/Projet-Laravel/Gestion_candidature/vendor/laravel/framework/src/Illuminate/Http/Middleware/TrustProxies.php(57): Illuminate\\Pipeline\\Pipeline->Illuminate\\Pipeline\\{closure}()
#44 /opt/lampp/htdocs/Projet-Laravel/Gestion_candidature/vendor/laravel/framework/src/Illuminate/Pipeline/Pipeline.php(183): Illuminate\\Http\\Middleware\\TrustProxies->handle()
#45 /opt/lampp/htdocs/Projet-Laravel/Gestion_candidature/vendor/laravel/framework/src/Illuminate/Pipeline/Pipeline.php(119): Illuminate\\Pipeline\\Pipeline->Illuminate\\Pipeline\\{closure}()
#46 /opt/lampp/htdocs/Projet-Laravel/Gestion_candidature/vendor/laravel/framework/src/Illuminate/Foundation/Http/Kernel.php(175): Illuminate\\Pipeline\\Pipeline->then()
#47 /opt/lampp/htdocs/Projet-Laravel/Gestion_candidature/vendor/laravel/framework/src/Illuminate/Foundation/Http/Kernel.php(144): Illuminate\\Foundation\\Http\\Kernel->sendRequestThroughRouter()
#48 /opt/lampp/htdocs/Projet-Laravel/Gestion_candidature/vendor/laravel/framework/src/Illuminate/Foundation/Application.php(1183): Illuminate\\Foundation\\Http\\Kernel->handle()
#49 /opt/lampp/htdocs/Projet-Laravel/Gestion_candidature/public/index.php(17): Illuminate\\Foundation\\Application->handleRequest()
#50 /opt/lampp/htdocs/Projet-Laravel/Gestion_candidature/vendor/laravel/framework/src/Illuminate/Foundation/resources/server.php(16): require_once('...')
#51 {main}
"} 
[2024-06-12 14:15:17] local.ERROR: Undefined variable $table {"exception":"[object] (ErrorException(code: 0): Undefined variable $table at /opt/lampp/htdocs/Projet-Laravel/Gestion_candidature/database/migrations/2024_06_12_134423_create_notifications_table.php:30)
[stacktrace]
#0 /opt/lampp/htdocs/Projet-Laravel/Gestion_candidature/vendor/laravel/framework/src/Illuminate/Foundation/Bootstrap/HandleExceptions.php(256): Illuminate\\Foundation\\Bootstrap\\HandleExceptions->handleError()
#1 /opt/lampp/htdocs/Projet-Laravel/Gestion_candidature/database/migrations/2024_06_12_134423_create_notifications_table.php(30): Illuminate\\Foundation\\Bootstrap\\HandleExceptions->Illuminate\\Foundation\\Bootstrap\\{closure}()
#2 /opt/lampp/htdocs/Projet-Laravel/Gestion_candidature/vendor/laravel/framework/src/Illuminate/Database/Migrations/Migrator.php(476): Illuminate\\Database\\Migrations\\Migration@anonymous->down()
#3 /opt/lampp/htdocs/Projet-Laravel/Gestion_candidature/vendor/laravel/framework/src/Illuminate/Database/Migrations/Migrator.php(402): Illuminate\\Database\\Migrations\\Migrator->runMethod()
#4 /opt/lampp/htdocs/Projet-Laravel/Gestion_candidature/vendor/laravel/framework/src/Illuminate/Database/Migrations/Migrator.php(411): Illuminate\\Database\\Migrations\\Migrator->Illuminate\\Database\\Migrations\\{closure}()
#5 /opt/lampp/htdocs/Projet-Laravel/Gestion_candidature/vendor/laravel/framework/src/Illuminate/Database/Migrations/Migrator.php(377): Illuminate\\Database\\Migrations\\Migrator->runMigration()
#6 /opt/lampp/htdocs/Projet-Laravel/Gestion_candidature/vendor/laravel/framework/src/Illuminate/Console/View/Components/Task.php(40): Illuminate\\Database\\Migrations\\Migrator->Illuminate\\Database\\Migrations\\{closure}()
#7 /opt/lampp/htdocs/Projet-Laravel/Gestion_candidature/vendor/laravel/framework/src/Illuminate/Database/Migrations/Migrator.php(739): Illuminate\\Console\\View\\Components\\Task->render()
#8 /opt/lampp/htdocs/Projet-Laravel/Gestion_candidature/vendor/laravel/framework/src/Illuminate/Database/Migrations/Migrator.php(377): Illuminate\\Database\\Migrations\\Migrator->write()
#9 /opt/lampp/htdocs/Projet-Laravel/Gestion_candidature/vendor/laravel/framework/src/Illuminate/Database/Migrations/Migrator.php(298): Illuminate\\Database\\Migrations\\Migrator->runDown()
#10 /opt/lampp/htdocs/Projet-Laravel/Gestion_candidature/vendor/laravel/framework/src/Illuminate/Database/Migrations/Migrator.php(351): Illuminate\\Database\\Migrations\\Migrator->rollbackMigrations()
#11 /opt/lampp/htdocs/Projet-Laravel/Gestion_candidature/vendor/laravel/framework/src/Illuminate/Database/Migrations/Migrator.php(329): Illuminate\\Database\\Migrations\\Migrator->resetMigrations()
#12 /opt/lampp/htdocs/Projet-Laravel/Gestion_candidature/vendor/laravel/framework/src/Illuminate/Database/Console/Migrations/ResetCommand.php(70): Illuminate\\Database\\Migrations\\Migrator->reset()
#13 /opt/lampp/htdocs/Projet-Laravel/Gestion_candidature/vendor/laravel/framework/src/Illuminate/Database/Migrations/Migrator.php(616): Illuminate\\Database\\Console\\Migrations\\ResetCommand->Illuminate\\Database\\Console\\Migrations\\{closure}()
#14 /opt/lampp/htdocs/Projet-Laravel/Gestion_candidature/vendor/laravel/framework/src/Illuminate/Database/Console/Migrations/ResetCommand.php(62): Illuminate\\Database\\Migrations\\Migrator->usingConnection()
#15 /opt/lampp/htdocs/Projet-Laravel/Gestion_candidature/vendor/laravel/framework/src/Illuminate/Container/BoundMethod.php(36): Illuminate\\Database\\Console\\Migrations\\ResetCommand->handle()
#16 /opt/lampp/htdocs/Projet-Laravel/Gestion_candidature/vendor/laravel/framework/src/Illuminate/Container/Util.php(41): Illuminate\\Container\\BoundMethod::Illuminate\\Container\\{closure}()
#17 /opt/lampp/htdocs/Projet-Laravel/Gestion_candidature/vendor/laravel/framework/src/Illuminate/Container/BoundMethod.php(93): Illuminate\\Container\\Util::unwrapIfClosure()
#18 /opt/lampp/htdocs/Projet-Laravel/Gestion_candidature/vendor/laravel/framework/src/Illuminate/Container/BoundMethod.php(35): Illuminate\\Container\\BoundMethod::callBoundMethod()
#19 /opt/lampp/htdocs/Projet-Laravel/Gestion_candidature/vendor/laravel/framework/src/Illuminate/Container/Container.php(662): Illuminate\\Container\\BoundMethod::call()
#20 /opt/lampp/htdocs/Projet-Laravel/Gestion_candidature/vendor/laravel/framework/src/Illuminate/Console/Command.php(213): Illuminate\\Container\\Container->call()
#21 /opt/lampp/htdocs/Projet-Laravel/Gestion_candidature/vendor/symfony/console/Command/Command.php(279): Illuminate\\Console\\Command->execute()
#22 /opt/lampp/htdocs/Projet-Laravel/Gestion_candidature/vendor/laravel/framework/src/Illuminate/Console/Command.php(182): Symfony\\Component\\Console\\Command\\Command->run()
#23 /opt/lampp/htdocs/Projet-Laravel/Gestion_candidature/vendor/laravel/framework/src/Illuminate/Console/Concerns/CallsCommands.php(67): Illuminate\\Console\\Command->run()
#24 /opt/lampp/htdocs/Projet-Laravel/Gestion_candidature/vendor/laravel/framework/src/Illuminate/Console/Concerns/CallsCommands.php(28): Illuminate\\Console\\Command->runCommand()
#25 /opt/lampp/htdocs/Projet-Laravel/Gestion_candidature/vendor/laravel/framework/src/Illuminate/Database/Console/Migrations/RefreshCommand.php(113): Illuminate\\Console\\Command->call()
#26 /opt/lampp/htdocs/Projet-Laravel/Gestion_candidature/vendor/laravel/framework/src/Illuminate/Database/Console/Migrations/RefreshCommand.php(59): Illuminate\\Database\\Console\\Migrations\\RefreshCommand->runReset()
#27 /opt/lampp/htdocs/Projet-Laravel/Gestion_candidature/vendor/laravel/framework/src/Illuminate/Container/BoundMethod.php(36): Illuminate\\Database\\Console\\Migrations\\RefreshCommand->handle()
#28 /opt/lampp/htdocs/Projet-Laravel/Gestion_candidature/vendor/laravel/framework/src/Illuminate/Container/Util.php(41): Illuminate\\Container\\BoundMethod::Illuminate\\Container\\{closure}()
#29 /opt/lampp/htdocs/Projet-Laravel/Gestion_candidature/vendor/laravel/framework/src/Illuminate/Container/BoundMethod.php(93): Illuminate\\Container\\Util::unwrapIfClosure()
#30 /opt/lampp/htdocs/Projet-Laravel/Gestion_candidature/vendor/laravel/framework/src/Illuminate/Container/BoundMethod.php(35): Illuminate\\Container\\BoundMethod::callBoundMethod()
#31 /opt/lampp/htdocs/Projet-Laravel/Gestion_candidature/vendor/laravel/framework/src/Illuminate/Container/Container.php(662): Illuminate\\Container\\BoundMethod::call()
#32 /opt/lampp/htdocs/Projet-Laravel/Gestion_candidature/vendor/laravel/framework/src/Illuminate/Console/Command.php(213): Illuminate\\Container\\Container->call()
#33 /opt/lampp/htdocs/Projet-Laravel/Gestion_candidature/vendor/symfony/console/Command/Command.php(279): Illuminate\\Console\\Command->execute()
#34 /opt/lampp/htdocs/Projet-Laravel/Gestion_candidature/vendor/laravel/framework/src/Illuminate/Console/Command.php(182): Symfony\\Component\\Console\\Command\\Command->run()
#35 /opt/lampp/htdocs/Projet-Laravel/Gestion_candidature/vendor/symfony/console/Application.php(1047): Illuminate\\Console\\Command->run()
#36 /opt/lampp/htdocs/Projet-Laravel/Gestion_candidature/vendor/symfony/console/Application.php(316): Symfony\\Component\\Console\\Application->doRunCommand()
#37 /opt/lampp/htdocs/Projet-Laravel/Gestion_candidature/vendor/symfony/console/Application.php(167): Symfony\\Component\\Console\\Application->doRun()
#38 /opt/lampp/htdocs/Projet-Laravel/Gestion_candidature/vendor/laravel/framework/src/Illuminate/Foundation/Console/Kernel.php(196): Symfony\\Component\\Console\\Application->run()
#39 /opt/lampp/htdocs/Projet-Laravel/Gestion_candidature/vendor/laravel/framework/src/Illuminate/Foundation/Application.php(1198): Illuminate\\Foundation\\Console\\Kernel->handle()
#40 /opt/lampp/htdocs/Projet-Laravel/Gestion_candidature/artisan(13): Illuminate\\Foundation\\Application->handleCommand()
#41 {main}
"} 
[2024-06-12 14:15:35] local.ERROR: Method Illuminate\Database\Schema\Blueprint::interger does not exist. {"exception":"[object] (BadMethodCallException(code: 0): Method Illuminate\\Database\\Schema\\Blueprint::interger does not exist. at /opt/lampp/htdocs/Projet-Laravel/Gestion_candidature/vendor/laravel/framework/src/Illuminate/Macroable/Traits/Macroable.php:115)
[stacktrace]
#0 /opt/lampp/htdocs/Projet-Laravel/Gestion_candidature/database/migrations/0001_01_01_000000_create_users_table.php(20): Illuminate\\Database\\Schema\\Blueprint->__call()
#1 /opt/lampp/htdocs/Projet-Laravel/Gestion_candidature/vendor/laravel/framework/src/Illuminate/Database/Schema/Builder.php(421): Illuminate\\Database\\Migrations\\Migration@anonymous->{closure}()
#2 /opt/lampp/htdocs/Projet-Laravel/Gestion_candidature/vendor/laravel/framework/src/Illuminate/Support/helpers.php(363): Illuminate\\Database\\Schema\\Builder->Illuminate\\Database\\Schema\\{closure}()
#3 /opt/lampp/htdocs/Projet-Laravel/Gestion_candidature/vendor/laravel/framework/src/Illuminate/Database/Schema/Builder.php(418): tap()
#4 /opt/lampp/htdocs/Projet-Laravel/Gestion_candidature/vendor/laravel/framework/src/Illuminate/Support/Facades/Facade.php(357): Illuminate\\Database\\Schema\\Builder->create()
#5 /opt/lampp/htdocs/Projet-Laravel/Gestion_candidature/database/migrations/0001_01_01_000000_create_users_table.php(14): Illuminate\\Support\\Facades\\Facade::__callStatic()
#6 /opt/lampp/htdocs/Projet-Laravel/Gestion_candidature/vendor/laravel/framework/src/Illuminate/Database/Migrations/Migrator.php(476): Illuminate\\Database\\Migrations\\Migration@anonymous->up()
#7 /opt/lampp/htdocs/Projet-Laravel/Gestion_candidature/vendor/laravel/framework/src/Illuminate/Database/Migrations/Migrator.php(402): Illuminate\\Database\\Migrations\\Migrator->runMethod()
#8 /opt/lampp/htdocs/Projet-Laravel/Gestion_candidature/vendor/laravel/framework/src/Illuminate/Database/Migrations/Migrator.php(411): Illuminate\\Database\\Migrations\\Migrator->Illuminate\\Database\\Migrations\\{closure}()
#9 /opt/lampp/htdocs/Projet-Laravel/Gestion_candidature/vendor/laravel/framework/src/Illuminate/Database/Migrations/Migrator.php(212): Illuminate\\Database\\Migrations\\Migrator->runMigration()
#10 /opt/lampp/htdocs/Projet-Laravel/Gestion_candidature/vendor/laravel/framework/src/Illuminate/Console/View/Components/Task.php(40): Illuminate\\Database\\Migrations\\Migrator->Illuminate\\Database\\Migrations\\{closure}()
#11 /opt/lampp/htdocs/Projet-Laravel/Gestion_candidature/vendor/laravel/framework/src/Illuminate/Database/Migrations/Migrator.php(739): Illuminate\\Console\\View\\Components\\Task->render()
#12 /opt/lampp/htdocs/Projet-Laravel/Gestion_candidature/vendor/laravel/framework/src/Illuminate/Database/Migrations/Migrator.php(212): Illuminate\\Database\\Migrations\\Migrator->write()
#13 /opt/lampp/htdocs/Projet-Laravel/Gestion_candidature/vendor/laravel/framework/src/Illuminate/Database/Migrations/Migrator.php(179): Illuminate\\Database\\Migrations\\Migrator->runUp()
#14 /opt/lampp/htdocs/Projet-Laravel/Gestion_candidature/vendor/laravel/framework/src/Illuminate/Database/Migrations/Migrator.php(122): Illuminate\\Database\\Migrations\\Migrator->runPending()
#15 /opt/lampp/htdocs/Projet-Laravel/Gestion_candidature/vendor/laravel/framework/src/Illuminate/Database/Console/Migrations/MigrateCommand.php(116): Illuminate\\Database\\Migrations\\Migrator->run()
#16 /opt/lampp/htdocs/Projet-Laravel/Gestion_candidature/vendor/laravel/framework/src/Illuminate/Database/Migrations/Migrator.php(616): Illuminate\\Database\\Console\\Migrations\\MigrateCommand->Illuminate\\Database\\Console\\Migrations\\{closure}()
#17 /opt/lampp/htdocs/Projet-Laravel/Gestion_candidature/vendor/laravel/framework/src/Illuminate/Database/Console/Migrations/MigrateCommand.php(109): Illuminate\\Database\\Migrations\\Migrator->usingConnection()
#18 /opt/lampp/htdocs/Projet-Laravel/Gestion_candidature/vendor/laravel/framework/src/Illuminate/Database/Console/Migrations/MigrateCommand.php(88): Illuminate\\Database\\Console\\Migrations\\MigrateCommand->runMigrations()
#19 /opt/lampp/htdocs/Projet-Laravel/Gestion_candidature/vendor/laravel/framework/src/Illuminate/Container/BoundMethod.php(36): Illuminate\\Database\\Console\\Migrations\\MigrateCommand->handle()
#20 /opt/lampp/htdocs/Projet-Laravel/Gestion_candidature/vendor/laravel/framework/src/Illuminate/Container/Util.php(41): Illuminate\\Container\\BoundMethod::Illuminate\\Container\\{closure}()
#21 /opt/lampp/htdocs/Projet-Laravel/Gestion_candidature/vendor/laravel/framework/src/Illuminate/Container/BoundMethod.php(93): Illuminate\\Container\\Util::unwrapIfClosure()
#22 /opt/lampp/htdocs/Projet-Laravel/Gestion_candidature/vendor/laravel/framework/src/Illuminate/Container/BoundMethod.php(35): Illuminate\\Container\\BoundMethod::callBoundMethod()
#23 /opt/lampp/htdocs/Projet-Laravel/Gestion_candidature/vendor/laravel/framework/src/Illuminate/Container/Container.php(662): Illuminate\\Container\\BoundMethod::call()
#24 /opt/lampp/htdocs/Projet-Laravel/Gestion_candidature/vendor/laravel/framework/src/Illuminate/Console/Command.php(213): Illuminate\\Container\\Container->call()
#25 /opt/lampp/htdocs/Projet-Laravel/Gestion_candidature/vendor/symfony/console/Command/Command.php(279): Illuminate\\Console\\Command->execute()
#26 /opt/lampp/htdocs/Projet-Laravel/Gestion_candidature/vendor/laravel/framework/src/Illuminate/Console/Command.php(182): Symfony\\Component\\Console\\Command\\Command->run()
#27 /opt/lampp/htdocs/Projet-Laravel/Gestion_candidature/vendor/laravel/framework/src/Illuminate/Console/Concerns/CallsCommands.php(67): Illuminate\\Console\\Command->run()
#28 /opt/lampp/htdocs/Projet-Laravel/Gestion_candidature/vendor/laravel/framework/src/Illuminate/Console/Concerns/CallsCommands.php(28): Illuminate\\Console\\Command->runCommand()
#29 /opt/lampp/htdocs/Projet-Laravel/Gestion_candidature/vendor/laravel/framework/src/Illuminate/Database/Console/Migrations/FreshCommand.php(82): Illuminate\\Console\\Command->call()
#30 /opt/lampp/htdocs/Projet-Laravel/Gestion_candidature/vendor/laravel/framework/src/Illuminate/Container/BoundMethod.php(36): Illuminate\\Database\\Console\\Migrations\\FreshCommand->handle()
#31 /opt/lampp/htdocs/Projet-Laravel/Gestion_candidature/vendor/laravel/framework/src/Illuminate/Container/Util.php(41): Illuminate\\Container\\BoundMethod::Illuminate\\Container\\{closure}()
#32 /opt/lampp/htdocs/Projet-Laravel/Gestion_candidature/vendor/laravel/framework/src/Illuminate/Container/BoundMethod.php(93): Illuminate\\Container\\Util::unwrapIfClosure()
#33 /opt/lampp/htdocs/Projet-Laravel/Gestion_candidature/vendor/laravel/framework/src/Illuminate/Container/BoundMethod.php(35): Illuminate\\Container\\BoundMethod::callBoundMethod()
#34 /opt/lampp/htdocs/Projet-Laravel/Gestion_candidature/vendor/laravel/framework/src/Illuminate/Container/Container.php(662): Illuminate\\Container\\BoundMethod::call()
#35 /opt/lampp/htdocs/Projet-Laravel/Gestion_candidature/vendor/laravel/framework/src/Illuminate/Console/Command.php(213): Illuminate\\Container\\Container->call()
#36 /opt/lampp/htdocs/Projet-Laravel/Gestion_candidature/vendor/symfony/console/Command/Command.php(279): Illuminate\\Console\\Command->execute()
#37 /opt/lampp/htdocs/Projet-Laravel/Gestion_candidature/vendor/laravel/framework/src/Illuminate/Console/Command.php(182): Symfony\\Component\\Console\\Command\\Command->run()
#38 /opt/lampp/htdocs/Projet-Laravel/Gestion_candidature/vendor/symfony/console/Application.php(1047): Illuminate\\Console\\Command->run()
#39 /opt/lampp/htdocs/Projet-Laravel/Gestion_candidature/vendor/symfony/console/Application.php(316): Symfony\\Component\\Console\\Application->doRunCommand()
#40 /opt/lampp/htdocs/Projet-Laravel/Gestion_candidature/vendor/symfony/console/Application.php(167): Symfony\\Component\\Console\\Application->doRun()
#41 /opt/lampp/htdocs/Projet-Laravel/Gestion_candidature/vendor/laravel/framework/src/Illuminate/Foundation/Console/Kernel.php(196): Symfony\\Component\\Console\\Application->run()
#42 /opt/lampp/htdocs/Projet-Laravel/Gestion_candidature/vendor/laravel/framework/src/Illuminate/Foundation/Application.php(1198): Illuminate\\Foundation\\Console\\Kernel->handle()
#43 /opt/lampp/htdocs/Projet-Laravel/Gestion_candidature/artisan(13): Illuminate\\Foundation\\Application->handleCommand()
#44 {main}
"} 
